<?xml version="1.0" encoding="UTF-8"?>
<testng-results skipped="0" failed="0" ignored="0" total="3" passed="3">
  <reporter-output>
  </reporter-output>
  <suite name="Default suite" duration-ms="41" started-at="2018-08-05T10:27:54Z" finished-at="2018-08-05T10:27:54Z">
    <groups>
    </groups>
    <test name="Default test" duration-ms="41" started-at="2018-08-05T10:27:54Z" finished-at="2018-08-05T10:27:54Z">
      <class name="firstTestNGPackage.PriotyOfTestCases">
        <test-method status="PASS" signature="ChangePassword()[pri:0, instance:firstTestNGPackage.PriotyOfTestCases@53f65459]" name="ChangePassword" duration-ms="13" started-at="2018-08-05T10:27:54Z" finished-at="2018-08-05T10:27:54Z">
          <reporter-output>
          </reporter-output>
        </test-method> <!-- ChangePassword -->
        <test-method status="PASS" signature="Login()[pri:0, instance:firstTestNGPackage.PriotyOfTestCases@53f65459]" name="Login" duration-ms="2" started-at="2018-08-05T10:27:54Z" finished-at="2018-08-05T10:27:54Z">
          <reporter-output>
          </reporter-output>
        </test-method> <!-- Login -->
        <test-method status="PASS" signature="Registration()[pri:0, instance:firstTestNGPackage.PriotyOfTestCases@53f65459]" name="Registration" duration-ms="1" started-at="2018-08-05T10:27:54Z" finished-at="2018-08-05T10:27:54Z">
          <reporter-output>
          </reporter-output>
        </test-method> <!-- Registration -->
      </class> <!-- firstTestNGPackage.PriotyOfTestCases -->
    </test> <!-- Default test -->
  </suite> <!-- Default suite -->
</testng-results>
