<?xml version="1.0" encoding="UTF-8"?>
<!-- Generated by org.testng.reporters.JUnitXMLReporter -->
<testsuite hostname="LAPTOP-AP49OGSV" ignored="1" name="Title Verification." tests="1" failures="1" timestamp="25 Jul 2018 10:18:52 GMT" time="0.031" errors="0">
  <testcase name="verifyLoginPage" time="0.0" classname="firstTestNGPackage.MercuryLoginPageGrpIds">
    <failure type="java.lang.NullPointerException">
      <![CDATA[java.lang.NullPointerException
at firstTestNGPackage.MercuryLoginPageGrpIds.verifyLoginPage(MercuryLoginPageGrpIds.java:48)
... Removed 25 stack frames]]>
    </failure>
  </testcase> <!-- verifyLoginPage -->
  <testcase name="verifyLogin" time="0.0" classname="firstTestNGPackage.MercuryLoginPageGrpIds">
    <ignored/>
  </testcase> <!-- verifyLogin -->
</testsuite> <!-- Title Verification. -->
